<?xml version="1.0" encoding="UTF-8"?>
<testng-results ignored="0" total="1" passed="1" failed="0" skipped="0">
  <reporter-output>
  </reporter-output>
  <suite started-at="2022-10-07T17:43:58 BST" name="Default suite" finished-at="2022-10-07T17:44:01 BST" duration-ms="3407">
    <groups>
    </groups>
    <test started-at="2022-10-07T17:43:58 BST" name="Default test" finished-at="2022-10-07T17:44:01 BST" duration-ms="3407">
      <class name="RestAssureCatsAPI.CatRondomFact">
        <test-method signature="catsFactRequest()[pri:0, instance:RestAssureCatsAPI.CatRondomFact@49912c99]" started-at="2022-10-07T17:43:58 BST" name="catsFactRequest" finished-at="2022-10-07T17:44:01 BST" duration-ms="3375" status="PASS">
          <reporter-output>
          </reporter-output>
        </test-method> <!-- catsFactRequest -->
      </class> <!-- RestAssureCatsAPI.CatRondomFact -->
    </test> <!-- Default test -->
  </suite> <!-- Default suite -->
</testng-results>
